[ 2016-05-25T08:49:42+08:00 ] ERR: (ThinkException) Access denied for user 'root1'@'localhost' (using password: YES)
[ 2016-05-25T08:49:48+08:00 ] ERR: (ThinkException) Access denied for user 'root1'@'localhost' (using password: YES)
[ 2016-05-25T08:50:05+08:00 ] ERR: (ThinkException) Access denied for user 'root1'@'localhost' (using password: YES)
[ 2016-05-25T09:45:15+08:00 ] ERR: (ThinkException) 非法操作:log_tj
[ 2016-05-25T10:02:40+08:00 ] ERR: (ThinkException) 非法操作:log_tj
[ 2016-05-25T10:36:01+08:00 ] ERR: (ThinkException) Action:tj_kaoqin您所请求的方法不存在！
[ 2016-05-25T10:36:34+08:00 ] ERR: (ThinkException) Action:tj_kaoqin您所请求的方法不存在！
[ 2016-05-25T11:07:29+08:00 ] ERR: (ThinkException) 非法操作:chuchai_tj
[ 2016-05-25T11:09:45+08:00 ] ERR: (ThinkException) 非法操作:chuchai_tj
[ 2016-05-25T11:10:12+08:00 ] ERR: (ThinkException) 非法操作:chuchai_tj
[ 2016-05-25T11:11:10+08:00 ] ERR: (ThinkException) 非法操作:chuchai_tj
[ 2016-05-25T11:11:36+08:00 ] ERR: (ThinkException) 非法操作:chuchai_tj
[ 2016-05-25T11:12:02+08:00 ] ERR: (ThinkException) 非法操作:log_tj
[ 2016-05-25T11:13:14+08:00 ] ERR: (ThinkException) Action:tj_chuchai您所请求的方法不存在！
[ 2016-05-25T11:20:49+08:00 ] ERR: (ThinkException) 模板不存在[App/Tpl/Count/tj.html]
[ 2016-05-25T11:20:56+08:00 ] ERR: (ThinkException) Action:tj_chuchai您所请求的方法不存在！
[ 2016-05-25T11:21:48+08:00 ] ERR: (ThinkException) 模板不存在[App/Tpl/Count/tj.html]
[ 2016-05-25T14:12:17+08:00 ] ERR: (ThinkException) 非法操作:tj
[ 2016-05-25T14:40:49+08:00 ] ERR: (ThinkException) Action:tj_chuchai您所请求的方法不存在！
[ 2016-05-25T19:48:54+08:00 ] ERR: (ThinkException) 非法操作:edit
[ 2016-05-25T19:50:05+08:00 ] ERR: (ThinkException) 模板不存在[App/Tpl/Kaoqin/edit.html]
[ 2016-05-25T19:50:12+08:00 ] ERR: (ThinkException) 模板不存在[App/Tpl/Kaoqin/edit.html]
[ 2016-05-25T20:05:14+08:00 ] ERR: (ThinkException) 模板不存在[App/Tpl/Kaoqin/record_edit.html]
[ 2016-05-25T20:10:26+08:00 ] ERR: (ThinkException) 模板不存在[App/Tpl/Kaoqin/record_edit.html]
